{"/home/muhammadhasham/Desktop/node module/index.js":{"path":"/home/muhammadhasham/Desktop/node module/index.js","s":{"1":1,"2":18,"3":8,"4":8,"5":16,"6":10,"7":18},"b":{"1":[8,10]},"f":{"1":18},"fnMap":{"1":{"name":"flatten","line":9,"loc":{"start":{"line":9,"column":18},"end":{"line":9,"column":47}}}},"statementMap":{"1":{"start":{"line":9,"column":1},"end":{"line":20,"column":2}},"2":{"start":{"line":10,"column":5},"end":{"line":18,"column":6}},"3":{"start":{"line":11,"column":9},"end":{"line":11,"column":33}},"4":{"start":{"line":12,"column":9},"end":{"line":14,"column":10}},"5":{"start":{"line":13,"column":13},"end":{"line":13,"column":34}},"6":{"start":{"line":17,"column":9},"end":{"line":17,"column":24}},"7":{"start":{"line":19,"column":5},"end":{"line":19,"column":17}}},"branchMap":{"1":{"line":10,"type":"if","locations":[{"start":{"line":10,"column":5},"end":{"line":10,"column":5}},{"start":{"line":10,"column":5},"end":{"line":10,"column":5}}]}}}}